{"level":"info","message":"::1 - - [27/Nov/2025:13:58:44 +0000] \"GET /health HTTP/1.1\" 200 75 \"-\" \"-\"","service":"acquisitions-api"}
{"level":"info","message":"::1 - - [27/Nov/2025:13:59:14 +0000] \"GET /health HTTP/1.1\" 200 76 \"-\" \"-\"","service":"acquisitions-api"}
{"level":"info","message":"Hello from Acquisitions!","service":"acquisitions-api"}
{"level":"info","message":"::ffff:192.168.65.1 - - [27/Nov/2025:13:59:39 +0000] \"GET / HTTP/1.1\" 200 24 \"-\" \"Mozilla/5.0 (Macintosh; Intel Mac OS X 10_15_7) AppleWebKit/537.36 (KHTML, like Gecko) Chrome/142.0.0.0 Safari/537.36\"","service":"acquisitions-api"}
{"level":"info","message":"::ffff:192.168.65.1 - - [27/Nov/2025:13:59:39 +0000] \"GET /favicon.ico HTTP/1.1\" 404 27 \"-\" \"Mozilla/5.0 (Macintosh; Intel Mac OS X 10_15_7) AppleWebKit/537.36 (KHTML, like Gecko) Chrome/142.0.0.0 Safari/537.36\"","service":"acquisitions-api"}
{"level":"info","message":"::1 - - [27/Nov/2025:13:59:44 +0000] \"GET /health HTTP/1.1\" 200 76 \"-\" \"-\"","service":"acquisitions-api"}
{"level":"info","message":"::1 - - [27/Nov/2025:14:00:15 +0000] \"GET /health HTTP/1.1\" 200 75 \"-\" \"-\"","service":"acquisitions-api"}
{"level":"info","message":"::1 - - [27/Nov/2025:14:00:45 +0000] \"GET /health HTTP/1.1\" 200 77 \"-\" \"-\"","service":"acquisitions-api"}
{"level":"info","message":"::1 - - [27/Nov/2025:14:01:15 +0000] \"GET /health HTTP/1.1\" 200 77 \"-\" \"-\"","service":"acquisitions-api"}
{"level":"info","message":"::1 - - [27/Nov/2025:14:01:45 +0000] \"GET /health HTTP/1.1\" 200 77 \"-\" \"-\"","service":"acquisitions-api"}
{"level":"info","message":"::1 - - [27/Nov/2025:14:02:16 +0000] \"GET /health HTTP/1.1\" 200 77 \"-\" \"-\"","service":"acquisitions-api"}
{"level":"info","message":"::1 - - [27/Nov/2025:14:02:46 +0000] \"GET /health HTTP/1.1\" 200 77 \"-\" \"-\"","service":"acquisitions-api"}
{"level":"info","message":"::1 - - [27/Nov/2025:14:03:16 +0000] \"GET /health HTTP/1.1\" 200 76 \"-\" \"-\"","service":"acquisitions-api"}
{"level":"info","message":"::1 - - [27/Nov/2025:14:03:47 +0000] \"GET /health HTTP/1.1\" 200 77 \"-\" \"-\"","service":"acquisitions-api"}
{"level":"info","message":"::1 - - [27/Nov/2025:14:04:17 +0000] \"GET /health HTTP/1.1\" 200 76 \"-\" \"-\"","service":"acquisitions-api"}
{"level":"info","message":"::1 - - [27/Nov/2025:14:06:26 +0000] \"GET /health HTTP/1.1\" 200 76 \"-\" \"-\"","service":"acquisitions-api"}
{"level":"info","message":"::1 - - [27/Nov/2025:14:06:56 +0000] \"GET /health HTTP/1.1\" 200 77 \"-\" \"-\"","service":"acquisitions-api"}
{"level":"info","message":"::1 - - [27/Nov/2025:14:07:27 +0000] \"GET /health HTTP/1.1\" 200 77 \"-\" \"-\"","service":"acquisitions-api"}
{"level":"info","message":"::1 - - [27/Nov/2025:14:07:57 +0000] \"GET /health HTTP/1.1\" 200 77 \"-\" \"-\"","service":"acquisitions-api"}
{"level":"info","message":"::1 - - [27/Nov/2025:14:08:27 +0000] \"GET /health HTTP/1.1\" 200 77 \"-\" \"-\"","service":"acquisitions-api"}
{"level":"info","message":"::1 - - [27/Nov/2025:14:08:57 +0000] \"GET /health HTTP/1.1\" 200 77 \"-\" \"-\"","service":"acquisitions-api"}
{"level":"info","message":"::1 - - [27/Nov/2025:14:09:28 +0000] \"GET /health HTTP/1.1\" 200 77 \"-\" \"-\"","service":"acquisitions-api"}
{"level":"info","message":"::1 - - [27/Nov/2025:14:09:58 +0000] \"GET /health HTTP/1.1\" 200 77 \"-\" \"-\"","service":"acquisitions-api"}
{"level":"info","message":"::1 - - [27/Nov/2025:14:10:28 +0000] \"GET /health HTTP/1.1\" 200 77 \"-\" \"-\"","service":"acquisitions-api"}
{"level":"info","message":"::1 - - [27/Nov/2025:14:10:58 +0000] \"GET /health HTTP/1.1\" 200 77 \"-\" \"-\"","service":"acquisitions-api"}
{"level":"info","message":"::1 - - [27/Nov/2025:14:11:29 +0000] \"GET /health HTTP/1.1\" 200 77 \"-\" \"-\"","service":"acquisitions-api"}
{"level":"info","message":"::1 - - [27/Nov/2025:14:11:59 +0000] \"GET /health HTTP/1.1\" 200 76 \"-\" \"-\"","service":"acquisitions-api"}
{"level":"info","message":"::1 - - [27/Nov/2025:14:12:29 +0000] \"GET /health HTTP/1.1\" 200 77 \"-\" \"-\"","service":"acquisitions-api"}
{"level":"info","message":"::1 - - [27/Nov/2025:14:12:59 +0000] \"GET /health HTTP/1.1\" 200 77 \"-\" \"-\"","service":"acquisitions-api"}
{"level":"info","message":"::1 - - [27/Nov/2025:14:13:30 +0000] \"GET /health HTTP/1.1\" 200 77 \"-\" \"-\"","service":"acquisitions-api"}
{"level":"info","message":"::1 - - [27/Nov/2025:14:14:00 +0000] \"GET /health HTTP/1.1\" 200 77 \"-\" \"-\"","service":"acquisitions-api"}
{"level":"info","message":"::1 - - [27/Nov/2025:14:14:30 +0000] \"GET /health HTTP/1.1\" 200 77 \"-\" \"-\"","service":"acquisitions-api"}
{"level":"info","message":"::1 - - [27/Nov/2025:14:15:00 +0000] \"GET /health HTTP/1.1\" 200 77 \"-\" \"-\"","service":"acquisitions-api"}
{"level":"info","message":"::1 - - [27/Nov/2025:14:15:31 +0000] \"GET /health HTTP/1.1\" 200 77 \"-\" \"-\"","service":"acquisitions-api"}
{"level":"info","message":"::1 - - [27/Nov/2025:14:16:01 +0000] \"GET /health HTTP/1.1\" 200 77 \"-\" \"-\"","service":"acquisitions-api"}
{"level":"info","message":"::1 - - [27/Nov/2025:14:16:31 +0000] \"GET /health HTTP/1.1\" 200 77 \"-\" \"-\"","service":"acquisitions-api"}
{"level":"info","message":"::1 - - [27/Nov/2025:14:17:01 +0000] \"GET /health HTTP/1.1\" 200 78 \"-\" \"-\"","service":"acquisitions-api"}
{"level":"info","message":"::1 - - [27/Nov/2025:14:17:32 +0000] \"GET /health HTTP/1.1\" 200 78 \"-\" \"-\"","service":"acquisitions-api"}
{"level":"info","message":"::1 - - [27/Nov/2025:14:18:02 +0000] \"GET /health HTTP/1.1\" 200 78 \"-\" \"-\"","service":"acquisitions-api"}
{"level":"info","message":"::1 - - [27/Nov/2025:14:18:32 +0000] \"GET /health HTTP/1.1\" 200 78 \"-\" \"-\"","service":"acquisitions-api"}
{"level":"info","message":"::1 - - [27/Nov/2025:14:19:02 +0000] \"GET /health HTTP/1.1\" 200 78 \"-\" \"-\"","service":"acquisitions-api"}
{"level":"info","message":"::1 - - [27/Nov/2025:14:19:33 +0000] \"GET /health HTTP/1.1\" 200 78 \"-\" \"-\"","service":"acquisitions-api"}
{"level":"info","message":"::1 - - [27/Nov/2025:14:20:03 +0000] \"GET /health HTTP/1.1\" 200 78 \"-\" \"-\"","service":"acquisitions-api"}
{"level":"info","message":"::1 - - [27/Nov/2025:14:20:33 +0000] \"GET /health HTTP/1.1\" 200 78 \"-\" \"-\"","service":"acquisitions-api"}
{"level":"info","message":"::1 - - [27/Nov/2025:14:21:03 +0000] \"GET /health HTTP/1.1\" 200 78 \"-\" \"-\"","service":"acquisitions-api"}
{"level":"info","message":"::1 - - [27/Nov/2025:14:21:34 +0000] \"GET /health HTTP/1.1\" 200 78 \"-\" \"-\"","service":"acquisitions-api"}
{"level":"info","message":"::1 - - [27/Nov/2025:14:22:04 +0000] \"GET /health HTTP/1.1\" 200 78 \"-\" \"-\"","service":"acquisitions-api"}
{"level":"info","message":"::1 - - [27/Nov/2025:14:22:34 +0000] \"GET /health HTTP/1.1\" 200 78 \"-\" \"-\"","service":"acquisitions-api"}
{"level":"info","message":"::1 - - [27/Nov/2025:14:23:04 +0000] \"GET /health HTTP/1.1\" 200 77 \"-\" \"-\"","service":"acquisitions-api"}
{"level":"info","message":"::1 - - [27/Nov/2025:14:23:35 +0000] \"GET /health HTTP/1.1\" 200 78 \"-\" \"-\"","service":"acquisitions-api"}
{"level":"info","message":"::1 - - [27/Nov/2025:14:24:05 +0000] \"GET /health HTTP/1.1\" 200 78 \"-\" \"-\"","service":"acquisitions-api"}
{"level":"info","message":"::1 - - [27/Nov/2025:14:24:35 +0000] \"GET /health HTTP/1.1\" 200 78 \"-\" \"-\"","service":"acquisitions-api"}
{"level":"info","message":"::1 - - [27/Nov/2025:14:25:05 +0000] \"GET /health HTTP/1.1\" 200 78 \"-\" \"-\"","service":"acquisitions-api"}
{"level":"info","message":"::1 - - [27/Nov/2025:14:25:36 +0000] \"GET /health HTTP/1.1\" 200 78 \"-\" \"-\"","service":"acquisitions-api"}
{"level":"info","message":"::1 - - [27/Nov/2025:14:26:06 +0000] \"GET /health HTTP/1.1\" 200 77 \"-\" \"-\"","service":"acquisitions-api"}
{"level":"info","message":"::1 - - [27/Nov/2025:14:26:36 +0000] \"GET /health HTTP/1.1\" 200 78 \"-\" \"-\"","service":"acquisitions-api"}
{"level":"info","message":"::1 - - [27/Nov/2025:14:27:06 +0000] \"GET /health HTTP/1.1\" 200 78 \"-\" \"-\"","service":"acquisitions-api"}
{"level":"info","message":"::1 - - [27/Nov/2025:14:27:37 +0000] \"GET /health HTTP/1.1\" 200 78 \"-\" \"-\"","service":"acquisitions-api"}
{"level":"info","message":"::1 - - [27/Nov/2025:14:28:07 +0000] \"GET /health HTTP/1.1\" 200 78 \"-\" \"-\"","service":"acquisitions-api"}
{"level":"info","message":"::1 - - [27/Nov/2025:14:28:37 +0000] \"GET /health HTTP/1.1\" 200 78 \"-\" \"-\"","service":"acquisitions-api"}
{"level":"info","message":"::1 - - [27/Nov/2025:14:29:07 +0000] \"GET /health HTTP/1.1\" 200 78 \"-\" \"-\"","service":"acquisitions-api"}
{"level":"info","message":"::1 - - [27/Nov/2025:14:29:38 +0000] \"GET /health HTTP/1.1\" 200 78 \"-\" \"-\"","service":"acquisitions-api"}
{"level":"info","message":"::1 - - [27/Nov/2025:14:30:08 +0000] \"GET /health HTTP/1.1\" 200 78 \"-\" \"-\"","service":"acquisitions-api"}
{"level":"info","message":"::1 - - [27/Nov/2025:14:30:38 +0000] \"GET /health HTTP/1.1\" 200 77 \"-\" \"-\"","service":"acquisitions-api"}
{"level":"info","message":"::1 - - [27/Nov/2025:14:31:08 +0000] \"GET /health HTTP/1.1\" 200 78 \"-\" \"-\"","service":"acquisitions-api"}
{"level":"info","message":"::1 - - [27/Nov/2025:14:31:39 +0000] \"GET /health HTTP/1.1\" 200 78 \"-\" \"-\"","service":"acquisitions-api"}
{"level":"info","message":"::1 - - [27/Nov/2025:14:32:09 +0000] \"GET /health HTTP/1.1\" 200 78 \"-\" \"-\"","service":"acquisitions-api"}
{"level":"info","message":"::1 - - [27/Nov/2025:14:32:39 +0000] \"GET /health HTTP/1.1\" 200 78 \"-\" \"-\"","service":"acquisitions-api"}
{"level":"info","message":"::1 - - [27/Nov/2025:14:33:09 +0000] \"GET /health HTTP/1.1\" 200 78 \"-\" \"-\"","service":"acquisitions-api"}
{"level":"info","message":"::1 - - [27/Nov/2025:14:33:40 +0000] \"GET /health HTTP/1.1\" 200 77 \"-\" \"-\"","service":"acquisitions-api"}
{"level":"info","message":"::1 - - [27/Nov/2025:14:34:10 +0000] \"GET /health HTTP/1.1\" 200 78 \"-\" \"-\"","service":"acquisitions-api"}
{"level":"info","message":"::1 - - [27/Nov/2025:14:34:40 +0000] \"GET /health HTTP/1.1\" 200 77 \"-\" \"-\"","service":"acquisitions-api"}
{"level":"info","message":"::1 - - [27/Nov/2025:14:35:10 +0000] \"GET /health HTTP/1.1\" 200 78 \"-\" \"-\"","service":"acquisitions-api"}
{"level":"info","message":"::1 - - [27/Nov/2025:14:35:41 +0000] \"GET /health HTTP/1.1\" 200 78 \"-\" \"-\"","service":"acquisitions-api"}
{"level":"info","message":"::1 - - [27/Nov/2025:14:36:11 +0000] \"GET /health HTTP/1.1\" 200 78 \"-\" \"-\"","service":"acquisitions-api"}
{"level":"info","message":"::1 - - [27/Nov/2025:14:36:41 +0000] \"GET /health HTTP/1.1\" 200 78 \"-\" \"-\"","service":"acquisitions-api"}
{"level":"info","message":"::1 - - [27/Nov/2025:14:37:11 +0000] \"GET /health HTTP/1.1\" 200 78 \"-\" \"-\"","service":"acquisitions-api"}
{"level":"info","message":"::1 - - [27/Nov/2025:14:37:42 +0000] \"GET /health HTTP/1.1\" 200 78 \"-\" \"-\"","service":"acquisitions-api"}
{"level":"info","message":"::1 - - [27/Nov/2025:14:38:12 +0000] \"GET /health HTTP/1.1\" 200 78 \"-\" \"-\"","service":"acquisitions-api"}
{"level":"info","message":"::1 - - [27/Nov/2025:14:38:42 +0000] \"GET /health HTTP/1.1\" 200 78 \"-\" \"-\"","service":"acquisitions-api"}
{"level":"info","message":"::1 - - [27/Nov/2025:14:39:13 +0000] \"GET /health HTTP/1.1\" 200 78 \"-\" \"-\"","service":"acquisitions-api"}
{"level":"info","message":"::1 - - [27/Nov/2025:14:39:43 +0000] \"GET /health HTTP/1.1\" 200 78 \"-\" \"-\"","service":"acquisitions-api"}
{"level":"info","message":"::1 - - [27/Nov/2025:14:40:13 +0000] \"GET /health HTTP/1.1\" 200 78 \"-\" \"-\"","service":"acquisitions-api"}
{"level":"info","message":"::1 - - [27/Nov/2025:14:40:43 +0000] \"GET /health HTTP/1.1\" 200 78 \"-\" \"-\"","service":"acquisitions-api"}
{"level":"info","message":"::1 - - [27/Nov/2025:14:41:14 +0000] \"GET /health HTTP/1.1\" 200 78 \"-\" \"-\"","service":"acquisitions-api"}
{"level":"info","message":"::1 - - [27/Nov/2025:14:41:44 +0000] \"GET /health HTTP/1.1\" 200 78 \"-\" \"-\"","service":"acquisitions-api"}
{"level":"info","message":"::1 - - [27/Nov/2025:14:42:14 +0000] \"GET /health HTTP/1.1\" 200 78 \"-\" \"-\"","service":"acquisitions-api"}
{"level":"info","message":"::1 - - [27/Nov/2025:14:42:44 +0000] \"GET /health HTTP/1.1\" 200 77 \"-\" \"-\"","service":"acquisitions-api"}
{"level":"info","message":"::1 - - [27/Nov/2025:14:43:15 +0000] \"GET /health HTTP/1.1\" 200 78 \"-\" \"-\"","service":"acquisitions-api"}
{"level":"info","message":"::1 - - [27/Nov/2025:14:43:45 +0000] \"GET /health HTTP/1.1\" 200 78 \"-\" \"-\"","service":"acquisitions-api"}
{"level":"info","message":"::1 - - [27/Nov/2025:14:44:15 +0000] \"GET /health HTTP/1.1\" 200 78 \"-\" \"-\"","service":"acquisitions-api"}
{"level":"info","message":"::1 - - [27/Nov/2025:14:44:45 +0000] \"GET /health HTTP/1.1\" 200 78 \"-\" \"-\"","service":"acquisitions-api"}
{"level":"info","message":"::1 - - [27/Nov/2025:14:45:16 +0000] \"GET /health HTTP/1.1\" 200 78 \"-\" \"-\"","service":"acquisitions-api"}
{"level":"info","message":"::1 - - [27/Nov/2025:14:45:46 +0000] \"GET /health HTTP/1.1\" 200 78 \"-\" \"-\"","service":"acquisitions-api"}
{"level":"info","message":"::1 - - [27/Nov/2025:14:46:16 +0000] \"GET /health HTTP/1.1\" 200 78 \"-\" \"-\"","service":"acquisitions-api"}
{"level":"info","message":"::1 - - [27/Nov/2025:14:46:46 +0000] \"GET /health HTTP/1.1\" 200 78 \"-\" \"-\"","service":"acquisitions-api"}
{"level":"info","message":"::1 - - [27/Nov/2025:14:47:17 +0000] \"GET /health HTTP/1.1\" 200 78 \"-\" \"-\"","service":"acquisitions-api"}
{"level":"info","message":"::1 - - [27/Nov/2025:14:47:47 +0000] \"GET /health HTTP/1.1\" 200 78 \"-\" \"-\"","service":"acquisitions-api"}
{"level":"info","message":"::1 - - [27/Nov/2025:14:48:17 +0000] \"GET /health HTTP/1.1\" 200 78 \"-\" \"-\"","service":"acquisitions-api"}
{"level":"info","message":"::1 - - [27/Nov/2025:14:48:47 +0000] \"GET /health HTTP/1.1\" 200 78 \"-\" \"-\"","service":"acquisitions-api"}
{"level":"info","message":"::1 - - [27/Nov/2025:14:49:18 +0000] \"GET /health HTTP/1.1\" 200 78 \"-\" \"-\"","service":"acquisitions-api"}
{"level":"info","message":"::1 - - [27/Nov/2025:14:49:48 +0000] \"GET /health HTTP/1.1\" 200 78 \"-\" \"-\"","service":"acquisitions-api"}
{"level":"info","message":"::1 - - [27/Nov/2025:14:50:18 +0000] \"GET /health HTTP/1.1\" 200 77 \"-\" \"-\"","service":"acquisitions-api"}
{"level":"info","message":"::1 - - [27/Nov/2025:14:50:48 +0000] \"GET /health HTTP/1.1\" 200 78 \"-\" \"-\"","service":"acquisitions-api"}
{"level":"info","message":"::1 - - [27/Nov/2025:14:51:19 +0000] \"GET /health HTTP/1.1\" 200 78 \"-\" \"-\"","service":"acquisitions-api"}
{"level":"info","message":"::1 - - [27/Nov/2025:14:51:49 +0000] \"GET /health HTTP/1.1\" 200 78 \"-\" \"-\"","service":"acquisitions-api"}
{"level":"info","message":"::1 - - [27/Nov/2025:14:52:19 +0000] \"GET /health HTTP/1.1\" 200 78 \"-\" \"-\"","service":"acquisitions-api"}
{"level":"info","message":"::1 - - [27/Nov/2025:14:52:50 +0000] \"GET /health HTTP/1.1\" 200 78 \"-\" \"-\"","service":"acquisitions-api"}
{"level":"info","message":"::1 - - [27/Nov/2025:14:53:20 +0000] \"GET /health HTTP/1.1\" 200 78 \"-\" \"-\"","service":"acquisitions-api"}
{"level":"info","message":"::1 - - [27/Nov/2025:14:53:50 +0000] \"GET /health HTTP/1.1\" 200 78 \"-\" \"-\"","service":"acquisitions-api"}
{"level":"info","message":"::1 - - [27/Nov/2025:14:54:20 +0000] \"GET /health HTTP/1.1\" 200 78 \"-\" \"-\"","service":"acquisitions-api"}
{"level":"info","message":"::1 - - [27/Nov/2025:14:54:51 +0000] \"GET /health HTTP/1.1\" 200 78 \"-\" \"-\"","service":"acquisitions-api"}
{"level":"info","message":"::1 - - [27/Nov/2025:14:55:21 +0000] \"GET /health HTTP/1.1\" 200 78 \"-\" \"-\"","service":"acquisitions-api"}
{"level":"info","message":"::1 - - [27/Nov/2025:14:55:51 +0000] \"GET /health HTTP/1.1\" 200 78 \"-\" \"-\"","service":"acquisitions-api"}
{"level":"info","message":"::1 - - [27/Nov/2025:14:56:21 +0000] \"GET /health HTTP/1.1\" 200 78 \"-\" \"-\"","service":"acquisitions-api"}
{"level":"info","message":"::1 - - [27/Nov/2025:14:56:51 +0000] \"GET /health HTTP/1.1\" 200 78 \"-\" \"-\"","service":"acquisitions-api"}
{"level":"info","message":"::1 - - [27/Nov/2025:14:57:22 +0000] \"GET /health HTTP/1.1\" 200 78 \"-\" \"-\"","service":"acquisitions-api"}
{"level":"info","message":"::1 - - [27/Nov/2025:14:57:52 +0000] \"GET /health HTTP/1.1\" 200 78 \"-\" \"-\"","service":"acquisitions-api"}
{"level":"info","message":"::1 - - [27/Nov/2025:14:58:22 +0000] \"GET /health HTTP/1.1\" 200 78 \"-\" \"-\"","service":"acquisitions-api"}
{"level":"info","message":"::1 - - [27/Nov/2025:14:58:52 +0000] \"GET /health HTTP/1.1\" 200 78 \"-\" \"-\"","service":"acquisitions-api"}
{"level":"info","message":"::1 - - [27/Nov/2025:14:59:23 +0000] \"GET /health HTTP/1.1\" 200 78 \"-\" \"-\"","service":"acquisitions-api"}
{"level":"info","message":"::1 - - [27/Nov/2025:14:59:53 +0000] \"GET /health HTTP/1.1\" 200 78 \"-\" \"-\"","service":"acquisitions-api"}
{"level":"info","message":"::1 - - [27/Nov/2025:15:00:23 +0000] \"GET /health HTTP/1.1\" 200 78 \"-\" \"-\"","service":"acquisitions-api"}
{"level":"info","message":"::1 - - [27/Nov/2025:15:00:53 +0000] \"GET /health HTTP/1.1\" 200 78 \"-\" \"-\"","service":"acquisitions-api"}
{"level":"info","message":"::1 - - [27/Nov/2025:15:01:24 +0000] \"GET /health HTTP/1.1\" 200 78 \"-\" \"-\"","service":"acquisitions-api"}
{"level":"info","message":"::1 - - [27/Nov/2025:15:01:54 +0000] \"GET /health HTTP/1.1\" 200 77 \"-\" \"-\"","service":"acquisitions-api"}
{"level":"info","message":"::1 - - [27/Nov/2025:15:02:24 +0000] \"GET /health HTTP/1.1\" 200 78 \"-\" \"-\"","service":"acquisitions-api"}
{"level":"info","message":"::1 - - [27/Nov/2025:15:02:55 +0000] \"GET /health HTTP/1.1\" 200 78 \"-\" \"-\"","service":"acquisitions-api"}
{"level":"info","message":"::1 - - [27/Nov/2025:15:03:25 +0000] \"GET /health HTTP/1.1\" 200 78 \"-\" \"-\"","service":"acquisitions-api"}
{"level":"info","message":"::1 - - [27/Nov/2025:15:03:55 +0000] \"GET /health HTTP/1.1\" 200 78 \"-\" \"-\"","service":"acquisitions-api"}
{"level":"info","message":"::1 - - [27/Nov/2025:15:04:25 +0000] \"GET /health HTTP/1.1\" 200 78 \"-\" \"-\"","service":"acquisitions-api"}
{"level":"info","message":"::1 - - [27/Nov/2025:15:04:56 +0000] \"GET /health HTTP/1.1\" 200 78 \"-\" \"-\"","service":"acquisitions-api"}
{"level":"info","message":"::1 - - [27/Nov/2025:15:05:26 +0000] \"GET /health HTTP/1.1\" 200 78 \"-\" \"-\"","service":"acquisitions-api"}
{"level":"info","message":"::1 - - [27/Nov/2025:15:05:56 +0000] \"GET /health HTTP/1.1\" 200 78 \"-\" \"-\"","service":"acquisitions-api"}
{"level":"info","message":"::1 - - [27/Nov/2025:15:06:26 +0000] \"GET /health HTTP/1.1\" 200 78 \"-\" \"-\"","service":"acquisitions-api"}
{"level":"info","message":"::1 - - [27/Nov/2025:15:06:57 +0000] \"GET /health HTTP/1.1\" 200 78 \"-\" \"-\"","service":"acquisitions-api"}
{"level":"info","message":"::1 - - [27/Nov/2025:15:07:27 +0000] \"GET /health HTTP/1.1\" 200 78 \"-\" \"-\"","service":"acquisitions-api"}
{"level":"info","message":"::1 - - [27/Nov/2025:15:07:57 +0000] \"GET /health HTTP/1.1\" 200 78 \"-\" \"-\"","service":"acquisitions-api"}
{"level":"info","message":"::1 - - [27/Nov/2025:15:08:28 +0000] \"GET /health HTTP/1.1\" 200 78 \"-\" \"-\"","service":"acquisitions-api"}
{"level":"info","message":"::1 - - [27/Nov/2025:15:08:58 +0000] \"GET /health HTTP/1.1\" 200 77 \"-\" \"-\"","service":"acquisitions-api"}
{"level":"info","message":"::1 - - [27/Nov/2025:15:09:28 +0000] \"GET /health HTTP/1.1\" 200 77 \"-\" \"-\"","service":"acquisitions-api"}
{"level":"info","message":"::1 - - [27/Nov/2025:15:09:59 +0000] \"GET /health HTTP/1.1\" 200 78 \"-\" \"-\"","service":"acquisitions-api"}
{"level":"info","message":"::1 - - [27/Nov/2025:15:10:29 +0000] \"GET /health HTTP/1.1\" 200 78 \"-\" \"-\"","service":"acquisitions-api"}
{"level":"info","message":"::1 - - [27/Nov/2025:15:10:59 +0000] \"GET /health HTTP/1.1\" 200 78 \"-\" \"-\"","service":"acquisitions-api"}
{"level":"info","message":"::1 - - [27/Nov/2025:15:11:29 +0000] \"GET /health HTTP/1.1\" 200 78 \"-\" \"-\"","service":"acquisitions-api"}
{"level":"info","message":"::1 - - [27/Nov/2025:15:12:00 +0000] \"GET /health HTTP/1.1\" 200 78 \"-\" \"-\"","service":"acquisitions-api"}
{"level":"info","message":"::1 - - [27/Nov/2025:15:12:30 +0000] \"GET /health HTTP/1.1\" 200 78 \"-\" \"-\"","service":"acquisitions-api"}
{"level":"info","message":"::1 - - [27/Nov/2025:15:13:00 +0000] \"GET /health HTTP/1.1\" 200 78 \"-\" \"-\"","service":"acquisitions-api"}
{"level":"info","message":"::1 - - [27/Nov/2025:15:13:30 +0000] \"GET /health HTTP/1.1\" 200 78 \"-\" \"-\"","service":"acquisitions-api"}
{"level":"info","message":"::1 - - [27/Nov/2025:15:14:01 +0000] \"GET /health HTTP/1.1\" 200 78 \"-\" \"-\"","service":"acquisitions-api"}
{"level":"info","message":"::1 - - [27/Nov/2025:15:14:31 +0000] \"GET /health HTTP/1.1\" 200 78 \"-\" \"-\"","service":"acquisitions-api"}
{"level":"info","message":"::1 - - [27/Nov/2025:15:15:01 +0000] \"GET /health HTTP/1.1\" 200 77 \"-\" \"-\"","service":"acquisitions-api"}
{"level":"info","message":"::1 - - [27/Nov/2025:15:15:32 +0000] \"GET /health HTTP/1.1\" 200 77 \"-\" \"-\"","service":"acquisitions-api"}
{"level":"info","message":"::1 - - [27/Nov/2025:15:16:02 +0000] \"GET /health HTTP/1.1\" 200 78 \"-\" \"-\"","service":"acquisitions-api"}
{"level":"info","message":"::1 - - [27/Nov/2025:15:16:32 +0000] \"GET /health HTTP/1.1\" 200 78 \"-\" \"-\"","service":"acquisitions-api"}
{"level":"info","message":"::1 - - [27/Nov/2025:15:17:02 +0000] \"GET /health HTTP/1.1\" 200 78 \"-\" \"-\"","service":"acquisitions-api"}
{"level":"info","message":"::1 - - [27/Nov/2025:15:17:33 +0000] \"GET /health HTTP/1.1\" 200 78 \"-\" \"-\"","service":"acquisitions-api"}
{"level":"info","message":"::1 - - [27/Nov/2025:15:18:03 +0000] \"GET /health HTTP/1.1\" 200 78 \"-\" \"-\"","service":"acquisitions-api"}
{"level":"info","message":"::1 - - [27/Nov/2025:15:18:33 +0000] \"GET /health HTTP/1.1\" 200 78 \"-\" \"-\"","service":"acquisitions-api"}
{"level":"info","message":"::1 - - [27/Nov/2025:15:19:03 +0000] \"GET /health HTTP/1.1\" 200 78 \"-\" \"-\"","service":"acquisitions-api"}
{"level":"info","message":"::1 - - [27/Nov/2025:15:19:34 +0000] \"GET /health HTTP/1.1\" 200 78 \"-\" \"-\"","service":"acquisitions-api"}
{"level":"info","message":"::1 - - [27/Nov/2025:15:20:04 +0000] \"GET /health HTTP/1.1\" 200 78 \"-\" \"-\"","service":"acquisitions-api"}
{"level":"info","message":"::1 - - [27/Nov/2025:15:20:34 +0000] \"GET /health HTTP/1.1\" 200 78 \"-\" \"-\"","service":"acquisitions-api"}
{"level":"info","message":"::1 - - [27/Nov/2025:15:21:05 +0000] \"GET /health HTTP/1.1\" 200 77 \"-\" \"-\"","service":"acquisitions-api"}
{"level":"info","message":"::1 - - [27/Nov/2025:15:21:35 +0000] \"GET /health HTTP/1.1\" 200 78 \"-\" \"-\"","service":"acquisitions-api"}
{"level":"info","message":"::1 - - [27/Nov/2025:15:22:05 +0000] \"GET /health HTTP/1.1\" 200 78 \"-\" \"-\"","service":"acquisitions-api"}
{"level":"info","message":"::1 - - [27/Nov/2025:15:22:35 +0000] \"GET /health HTTP/1.1\" 200 78 \"-\" \"-\"","service":"acquisitions-api"}
{"level":"info","message":"::1 - - [27/Nov/2025:15:23:06 +0000] \"GET /health HTTP/1.1\" 200 78 \"-\" \"-\"","service":"acquisitions-api"}
{"level":"info","message":"::1 - - [27/Nov/2025:15:23:36 +0000] \"GET /health HTTP/1.1\" 200 77 \"-\" \"-\"","service":"acquisitions-api"}
{"level":"info","message":"::1 - - [27/Nov/2025:15:24:06 +0000] \"GET /health HTTP/1.1\" 200 78 \"-\" \"-\"","service":"acquisitions-api"}
{"level":"info","message":"::1 - - [27/Nov/2025:15:24:36 +0000] \"GET /health HTTP/1.1\" 200 78 \"-\" \"-\"","service":"acquisitions-api"}
{"level":"info","message":"::1 - - [27/Nov/2025:15:25:07 +0000] \"GET /health HTTP/1.1\" 200 78 \"-\" \"-\"","service":"acquisitions-api"}
{"level":"info","message":"::1 - - [27/Nov/2025:15:25:37 +0000] \"GET /health HTTP/1.1\" 200 78 \"-\" \"-\"","service":"acquisitions-api"}
{"level":"info","message":"::1 - - [27/Nov/2025:15:26:07 +0000] \"GET /health HTTP/1.1\" 200 78 \"-\" \"-\"","service":"acquisitions-api"}
{"level":"info","message":"::1 - - [27/Nov/2025:15:26:38 +0000] \"GET /health HTTP/1.1\" 200 78 \"-\" \"-\"","service":"acquisitions-api"}
{"level":"info","message":"::1 - - [27/Nov/2025:15:27:08 +0000] \"GET /health HTTP/1.1\" 200 78 \"-\" \"-\"","service":"acquisitions-api"}
{"level":"info","message":"::1 - - [27/Nov/2025:15:27:38 +0000] \"GET /health HTTP/1.1\" 200 78 \"-\" \"-\"","service":"acquisitions-api"}
{"level":"info","message":"::1 - - [27/Nov/2025:15:28:08 +0000] \"GET /health HTTP/1.1\" 200 78 \"-\" \"-\"","service":"acquisitions-api"}
{"level":"info","message":"::1 - - [27/Nov/2025:15:28:39 +0000] \"GET /health HTTP/1.1\" 200 78 \"-\" \"-\"","service":"acquisitions-api"}
{"level":"info","message":"::1 - - [27/Nov/2025:15:29:09 +0000] \"GET /health HTTP/1.1\" 200 78 \"-\" \"-\"","service":"acquisitions-api"}
{"level":"info","message":"::1 - - [27/Nov/2025:15:29:39 +0000] \"GET /health HTTP/1.1\" 200 78 \"-\" \"-\"","service":"acquisitions-api"}
{"level":"info","message":"::1 - - [27/Nov/2025:15:30:10 +0000] \"GET /health HTTP/1.1\" 200 77 \"-\" \"-\"","service":"acquisitions-api"}
{"level":"info","message":"::1 - - [27/Nov/2025:15:30:40 +0000] \"GET /health HTTP/1.1\" 200 78 \"-\" \"-\"","service":"acquisitions-api"}
{"level":"info","message":"::1 - - [27/Nov/2025:15:31:10 +0000] \"GET /health HTTP/1.1\" 200 78 \"-\" \"-\"","service":"acquisitions-api"}
{"level":"info","message":"::1 - - [27/Nov/2025:15:31:40 +0000] \"GET /health HTTP/1.1\" 200 78 \"-\" \"-\"","service":"acquisitions-api"}
{"level":"info","message":"::1 - - [27/Nov/2025:15:32:11 +0000] \"GET /health HTTP/1.1\" 200 78 \"-\" \"-\"","service":"acquisitions-api"}
{"level":"info","message":"::1 - - [27/Nov/2025:15:32:41 +0000] \"GET /health HTTP/1.1\" 200 78 \"-\" \"-\"","service":"acquisitions-api"}
{"level":"info","message":"::1 - - [27/Nov/2025:15:33:11 +0000] \"GET /health HTTP/1.1\" 200 78 \"-\" \"-\"","service":"acquisitions-api"}
{"level":"info","message":"::1 - - [27/Nov/2025:15:33:41 +0000] \"GET /health HTTP/1.1\" 200 78 \"-\" \"-\"","service":"acquisitions-api"}
{"level":"info","message":"::1 - - [27/Nov/2025:15:34:12 +0000] \"GET /health HTTP/1.1\" 200 78 \"-\" \"-\"","service":"acquisitions-api"}
{"level":"info","message":"::1 - - [27/Nov/2025:15:34:42 +0000] \"GET /health HTTP/1.1\" 200 78 \"-\" \"-\"","service":"acquisitions-api"}
{"level":"info","message":"::1 - - [27/Nov/2025:15:35:12 +0000] \"GET /health HTTP/1.1\" 200 78 \"-\" \"-\"","service":"acquisitions-api"}
{"level":"info","message":"::1 - - [27/Nov/2025:15:35:42 +0000] \"GET /health HTTP/1.1\" 200 78 \"-\" \"-\"","service":"acquisitions-api"}
{"level":"info","message":"::1 - - [27/Nov/2025:15:36:13 +0000] \"GET /health HTTP/1.1\" 200 78 \"-\" \"-\"","service":"acquisitions-api"}
{"level":"info","message":"::1 - - [27/Nov/2025:15:36:43 +0000] \"GET /health HTTP/1.1\" 200 78 \"-\" \"-\"","service":"acquisitions-api"}
{"level":"info","message":"::1 - - [27/Nov/2025:15:37:13 +0000] \"GET /health HTTP/1.1\" 200 78 \"-\" \"-\"","service":"acquisitions-api"}
{"level":"info","message":"::1 - - [27/Nov/2025:15:37:43 +0000] \"GET /health HTTP/1.1\" 200 77 \"-\" \"-\"","service":"acquisitions-api"}
{"level":"info","message":"::1 - - [27/Nov/2025:15:38:14 +0000] \"GET /health HTTP/1.1\" 200 78 \"-\" \"-\"","service":"acquisitions-api"}
{"level":"info","message":"::1 - - [27/Nov/2025:15:38:44 +0000] \"GET /health HTTP/1.1\" 200 78 \"-\" \"-\"","service":"acquisitions-api"}
{"level":"info","message":"::1 - - [27/Nov/2025:15:39:14 +0000] \"GET /health HTTP/1.1\" 200 78 \"-\" \"-\"","service":"acquisitions-api"}
{"level":"info","message":"::1 - - [27/Nov/2025:15:39:45 +0000] \"GET /health HTTP/1.1\" 200 78 \"-\" \"-\"","service":"acquisitions-api"}
{"level":"info","message":"::1 - - [27/Nov/2025:15:40:15 +0000] \"GET /health HTTP/1.1\" 200 78 \"-\" \"-\"","service":"acquisitions-api"}
{"level":"info","message":"::1 - - [27/Nov/2025:15:40:45 +0000] \"GET /health HTTP/1.1\" 200 78 \"-\" \"-\"","service":"acquisitions-api"}
{"level":"info","message":"::1 - - [27/Nov/2025:15:41:15 +0000] \"GET /health HTTP/1.1\" 200 78 \"-\" \"-\"","service":"acquisitions-api"}
{"level":"info","message":"::1 - - [27/Nov/2025:15:41:46 +0000] \"GET /health HTTP/1.1\" 200 78 \"-\" \"-\"","service":"acquisitions-api"}
{"level":"info","message":"::1 - - [27/Nov/2025:15:42:16 +0000] \"GET /health HTTP/1.1\" 200 78 \"-\" \"-\"","service":"acquisitions-api"}
{"level":"info","message":"::1 - - [27/Nov/2025:15:42:46 +0000] \"GET /health HTTP/1.1\" 200 78 \"-\" \"-\"","service":"acquisitions-api"}
{"level":"info","message":"::1 - - [27/Nov/2025:15:43:16 +0000] \"GET /health HTTP/1.1\" 200 78 \"-\" \"-\"","service":"acquisitions-api"}
{"level":"info","message":"::1 - - [27/Nov/2025:15:43:47 +0000] \"GET /health HTTP/1.1\" 200 78 \"-\" \"-\"","service":"acquisitions-api"}
{"level":"info","message":"::1 - - [27/Nov/2025:15:44:17 +0000] \"GET /health HTTP/1.1\" 200 78 \"-\" \"-\"","service":"acquisitions-api"}
{"level":"info","message":"::1 - - [27/Nov/2025:15:44:47 +0000] \"GET /health HTTP/1.1\" 200 77 \"-\" \"-\"","service":"acquisitions-api"}
{"level":"info","message":"::1 - - [27/Nov/2025:15:45:17 +0000] \"GET /health HTTP/1.1\" 200 78 \"-\" \"-\"","service":"acquisitions-api"}
{"level":"info","message":"::1 - - [27/Nov/2025:15:45:48 +0000] \"GET /health HTTP/1.1\" 200 78 \"-\" \"-\"","service":"acquisitions-api"}
{"level":"info","message":"::1 - - [27/Nov/2025:15:46:18 +0000] \"GET /health HTTP/1.1\" 200 78 \"-\" \"-\"","service":"acquisitions-api"}
{"level":"info","message":"::1 - - [27/Nov/2025:15:46:48 +0000] \"GET /health HTTP/1.1\" 200 77 \"-\" \"-\"","service":"acquisitions-api"}
{"level":"info","message":"::1 - - [27/Nov/2025:15:47:19 +0000] \"GET /health HTTP/1.1\" 200 78 \"-\" \"-\"","service":"acquisitions-api"}
{"level":"info","message":"::1 - - [27/Nov/2025:15:47:49 +0000] \"GET /health HTTP/1.1\" 200 78 \"-\" \"-\"","service":"acquisitions-api"}
{"level":"info","message":"::1 - - [27/Nov/2025:15:48:19 +0000] \"GET /health HTTP/1.1\" 200 78 \"-\" \"-\"","service":"acquisitions-api"}
{"level":"info","message":"::1 - - [27/Nov/2025:15:48:49 +0000] \"GET /health HTTP/1.1\" 200 77 \"-\" \"-\"","service":"acquisitions-api"}
{"level":"info","message":"::1 - - [27/Nov/2025:15:49:20 +0000] \"GET /health HTTP/1.1\" 200 78 \"-\" \"-\"","service":"acquisitions-api"}
{"level":"info","message":"::1 - - [27/Nov/2025:15:49:50 +0000] \"GET /health HTTP/1.1\" 200 78 \"-\" \"-\"","service":"acquisitions-api"}
{"level":"info","message":"::1 - - [27/Nov/2025:15:50:20 +0000] \"GET /health HTTP/1.1\" 200 78 \"-\" \"-\"","service":"acquisitions-api"}
{"level":"info","message":"::1 - - [27/Nov/2025:15:50:50 +0000] \"GET /health HTTP/1.1\" 200 78 \"-\" \"-\"","service":"acquisitions-api"}
{"level":"info","message":"::1 - - [27/Nov/2025:15:51:21 +0000] \"GET /health HTTP/1.1\" 200 78 \"-\" \"-\"","service":"acquisitions-api"}
{"level":"info","message":"::1 - - [27/Nov/2025:15:51:51 +0000] \"GET /health HTTP/1.1\" 200 78 \"-\" \"-\"","service":"acquisitions-api"}
{"level":"info","message":"::1 - - [27/Nov/2025:15:52:21 +0000] \"GET /health HTTP/1.1\" 200 78 \"-\" \"-\"","service":"acquisitions-api"}
{"level":"info","message":"::1 - - [27/Nov/2025:15:52:51 +0000] \"GET /health HTTP/1.1\" 200 78 \"-\" \"-\"","service":"acquisitions-api"}
{"level":"info","message":"::1 - - [27/Nov/2025:15:53:22 +0000] \"GET /health HTTP/1.1\" 200 78 \"-\" \"-\"","service":"acquisitions-api"}
{"level":"info","message":"::1 - - [27/Nov/2025:15:53:52 +0000] \"GET /health HTTP/1.1\" 200 78 \"-\" \"-\"","service":"acquisitions-api"}
{"level":"info","message":"::1 - - [27/Nov/2025:15:54:22 +0000] \"GET /health HTTP/1.1\" 200 78 \"-\" \"-\"","service":"acquisitions-api"}
{"level":"info","message":"::1 - - [27/Nov/2025:15:54:52 +0000] \"GET /health HTTP/1.1\" 200 78 \"-\" \"-\"","service":"acquisitions-api"}
{"level":"info","message":"::1 - - [27/Nov/2025:15:55:23 +0000] \"GET /health HTTP/1.1\" 200 78 \"-\" \"-\"","service":"acquisitions-api"}
{"level":"info","message":"::1 - - [27/Nov/2025:15:55:53 +0000] \"GET /health HTTP/1.1\" 200 78 \"-\" \"-\"","service":"acquisitions-api"}
{"level":"info","message":"::1 - - [27/Nov/2025:15:56:23 +0000] \"GET /health HTTP/1.1\" 200 78 \"-\" \"-\"","service":"acquisitions-api"}
{"level":"info","message":"::1 - - [27/Nov/2025:15:56:54 +0000] \"GET /health HTTP/1.1\" 200 78 \"-\" \"-\"","service":"acquisitions-api"}
{"level":"info","message":"::1 - - [27/Nov/2025:15:57:24 +0000] \"GET /health HTTP/1.1\" 200 78 \"-\" \"-\"","service":"acquisitions-api"}
{"level":"info","message":"::1 - - [27/Nov/2025:15:57:55 +0000] \"GET /health HTTP/1.1\" 200 78 \"-\" \"-\"","service":"acquisitions-api"}
{"level":"info","message":"::1 - - [27/Nov/2025:15:58:25 +0000] \"GET /health HTTP/1.1\" 200 78 \"-\" \"-\"","service":"acquisitions-api"}
{"level":"info","message":"::1 - - [27/Nov/2025:15:58:55 +0000] \"GET /health HTTP/1.1\" 200 78 \"-\" \"-\"","service":"acquisitions-api"}
{"level":"info","message":"::1 - - [27/Nov/2025:15:59:25 +0000] \"GET /health HTTP/1.1\" 200 78 \"-\" \"-\"","service":"acquisitions-api"}
{"level":"info","message":"::1 - - [27/Nov/2025:15:59:56 +0000] \"GET /health HTTP/1.1\" 200 78 \"-\" \"-\"","service":"acquisitions-api"}
{"level":"info","message":"::1 - - [27/Nov/2025:16:00:26 +0000] \"GET /health HTTP/1.1\" 200 78 \"-\" \"-\"","service":"acquisitions-api"}
{"level":"info","message":"::1 - - [27/Nov/2025:16:00:56 +0000] \"GET /health HTTP/1.1\" 200 78 \"-\" \"-\"","service":"acquisitions-api"}
{"level":"info","message":"::1 - - [27/Nov/2025:16:01:26 +0000] \"GET /health HTTP/1.1\" 200 78 \"-\" \"-\"","service":"acquisitions-api"}
{"level":"info","message":"::1 - - [27/Nov/2025:16:01:57 +0000] \"GET /health HTTP/1.1\" 200 78 \"-\" \"-\"","service":"acquisitions-api"}
{"level":"info","message":"::1 - - [27/Nov/2025:16:02:27 +0000] \"GET /health HTTP/1.1\" 200 78 \"-\" \"-\"","service":"acquisitions-api"}
{"level":"info","message":"::1 - - [27/Nov/2025:16:02:57 +0000] \"GET /health HTTP/1.1\" 200 78 \"-\" \"-\"","service":"acquisitions-api"}
{"level":"info","message":"::1 - - [27/Nov/2025:16:03:27 +0000] \"GET /health HTTP/1.1\" 200 78 \"-\" \"-\"","service":"acquisitions-api"}
{"level":"info","message":"::1 - - [27/Nov/2025:16:03:58 +0000] \"GET /health HTTP/1.1\" 200 77 \"-\" \"-\"","service":"acquisitions-api"}
{"level":"info","message":"::1 - - [27/Nov/2025:16:04:28 +0000] \"GET /health HTTP/1.1\" 200 78 \"-\" \"-\"","service":"acquisitions-api"}
{"level":"info","message":"::1 - - [27/Nov/2025:16:04:58 +0000] \"GET /health HTTP/1.1\" 200 78 \"-\" \"-\"","service":"acquisitions-api"}
{"level":"info","message":"::1 - - [27/Nov/2025:16:05:28 +0000] \"GET /health HTTP/1.1\" 200 77 \"-\" \"-\"","service":"acquisitions-api"}
{"level":"info","message":"::1 - - [27/Nov/2025:16:05:59 +0000] \"GET /health HTTP/1.1\" 200 78 \"-\" \"-\"","service":"acquisitions-api"}
{"level":"info","message":"::1 - - [27/Nov/2025:16:06:29 +0000] \"GET /health HTTP/1.1\" 200 78 \"-\" \"-\"","service":"acquisitions-api"}
{"level":"info","message":"::1 - - [27/Nov/2025:16:06:59 +0000] \"GET /health HTTP/1.1\" 200 78 \"-\" \"-\"","service":"acquisitions-api"}
{"level":"info","message":"::1 - - [27/Nov/2025:16:07:30 +0000] \"GET /health HTTP/1.1\" 200 78 \"-\" \"-\"","service":"acquisitions-api"}
{"level":"info","message":"::1 - - [27/Nov/2025:16:08:00 +0000] \"GET /health HTTP/1.1\" 200 78 \"-\" \"-\"","service":"acquisitions-api"}
{"level":"info","message":"::1 - - [27/Nov/2025:16:08:30 +0000] \"GET /health HTTP/1.1\" 200 78 \"-\" \"-\"","service":"acquisitions-api"}
{"level":"info","message":"::1 - - [27/Nov/2025:16:09:01 +0000] \"GET /health HTTP/1.1\" 200 77 \"-\" \"-\"","service":"acquisitions-api"}
{"level":"info","message":"::1 - - [27/Nov/2025:16:09:31 +0000] \"GET /health HTTP/1.1\" 200 77 \"-\" \"-\"","service":"acquisitions-api"}
{"level":"info","message":"::1 - - [27/Nov/2025:16:10:01 +0000] \"GET /health HTTP/1.1\" 200 78 \"-\" \"-\"","service":"acquisitions-api"}
{"level":"info","message":"::1 - - [27/Nov/2025:16:10:32 +0000] \"GET /health HTTP/1.1\" 200 78 \"-\" \"-\"","service":"acquisitions-api"}
{"level":"info","message":"::1 - - [27/Nov/2025:16:11:02 +0000] \"GET /health HTTP/1.1\" 200 78 \"-\" \"-\"","service":"acquisitions-api"}
{"level":"info","message":"::1 - - [02/Dec/2025:20:26:46 +0000] \"GET /health HTTP/1.1\" 200 75 \"-\" \"-\"","service":"acquisitions-api"}
{"level":"info","message":"::1 - - [02/Dec/2025:20:27:16 +0000] \"GET /health HTTP/1.1\" 200 76 \"-\" \"-\"","service":"acquisitions-api"}
